Start testing: Mar 09 10:56 CST
----------------------------------------------------------
1/169 Testing: t_wrapping_ints_cmp
1/169 Test: t_wrapping_ints_cmp
Command: "/home/shuangshu/study/lab/CS144-Network/build/tests/wrapping_integers_cmp"
Directory: /home/shuangshu/study/lab/CS144-Network/build
"t_wrapping_ints_cmp" start time: Mar 09 10:56 CST
Output:
----------------------------------------------------------
<end of output>
Test time =   0.00 sec
----------------------------------------------------------
Test Passed.
"t_wrapping_ints_cmp" end time: Mar 09 10:56 CST
"t_wrapping_ints_cmp" time elapsed: 00:00:00
----------------------------------------------------------

2/169 Testing: t_wrapping_ints_unwrap
2/169 Test: t_wrapping_ints_unwrap
Command: "/home/shuangshu/study/lab/CS144-Network/build/tests/wrapping_integers_unwrap"
Directory: /home/shuangshu/study/lab/CS144-Network/build
"t_wrapping_ints_unwrap" start time: Mar 09 10:56 CST
Output:
----------------------------------------------------------
<end of output>
Test time =   0.00 sec
----------------------------------------------------------
Test Passed.
"t_wrapping_ints_unwrap" end time: Mar 09 10:56 CST
"t_wrapping_ints_unwrap" time elapsed: 00:00:00
----------------------------------------------------------

3/169 Testing: t_wrapping_ints_wrap
3/169 Test: t_wrapping_ints_wrap
Command: "/home/shuangshu/study/lab/CS144-Network/build/tests/wrapping_integers_wrap"
Directory: /home/shuangshu/study/lab/CS144-Network/build
"t_wrapping_ints_wrap" start time: Mar 09 10:56 CST
Output:
----------------------------------------------------------
<end of output>
Test time =   0.00 sec
----------------------------------------------------------
Test Passed.
"t_wrapping_ints_wrap" end time: Mar 09 10:56 CST
"t_wrapping_ints_wrap" time elapsed: 00:00:00
----------------------------------------------------------

4/169 Testing: t_wrapping_ints_roundtrip
4/169 Test: t_wrapping_ints_roundtrip
Command: "/home/shuangshu/study/lab/CS144-Network/build/tests/wrapping_integers_roundtrip"
Directory: /home/shuangshu/study/lab/CS144-Network/build
"t_wrapping_ints_roundtrip" start time: Mar 09 10:56 CST
Output:
----------------------------------------------------------
<end of output>
Test time =   0.10 sec
----------------------------------------------------------
Test Passed.
"t_wrapping_ints_roundtrip" end time: Mar 09 10:56 CST
"t_wrapping_ints_roundtrip" time elapsed: 00:00:00
----------------------------------------------------------

End testing: Mar 09 10:56 CST
