Start testing: Feb 16 10:32 CST
----------------------------------------------------------
1/169 Testing: t_wrapping_ints_cmp
1/169 Test: t_wrapping_ints_cmp
Command: "/home/LJR/network/CS144-Network/build/tests/wrapping_integers_cmp"
Directory: /home/LJR/network/CS144-Network/build
"t_wrapping_ints_cmp" start time: Feb 16 10:32 CST
Output:
----------------------------------------------------------
<end of output>
Test time =   0.01 sec
----------------------------------------------------------
Test Passed.
"t_wrapping_ints_cmp" end time: Feb 16 10:32 CST
"t_wrapping_ints_cmp" time elapsed: 00:00:00
----------------------------------------------------------

2/169 Testing: t_wrapping_ints_unwrap
2/169 Test: t_wrapping_ints_unwrap
Command: "/home/LJR/network/CS144-Network/build/tests/wrapping_integers_unwrap"
Directory: /home/LJR/network/CS144-Network/build
"t_wrapping_ints_unwrap" start time: Feb 16 10:32 CST
Output:
----------------------------------------------------------
<end of output>
Test time =   0.01 sec
----------------------------------------------------------
Test Passed.
"t_wrapping_ints_unwrap" end time: Feb 16 10:32 CST
"t_wrapping_ints_unwrap" time elapsed: 00:00:00
----------------------------------------------------------

3/169 Testing: t_wrapping_ints_wrap
3/169 Test: t_wrapping_ints_wrap
Command: "/home/LJR/network/CS144-Network/build/tests/wrapping_integers_wrap"
Directory: /home/LJR/network/CS144-Network/build
"t_wrapping_ints_wrap" start time: Feb 16 10:32 CST
Output:
----------------------------------------------------------
<end of output>
Test time =   0.01 sec
----------------------------------------------------------
Test Passed.
"t_wrapping_ints_wrap" end time: Feb 16 10:32 CST
"t_wrapping_ints_wrap" time elapsed: 00:00:00
----------------------------------------------------------

4/169 Testing: t_wrapping_ints_roundtrip
4/169 Test: t_wrapping_ints_roundtrip
Command: "/home/LJR/network/CS144-Network/build/tests/wrapping_integers_roundtrip"
Directory: /home/LJR/network/CS144-Network/build
"t_wrapping_ints_roundtrip" start time: Feb 16 10:32 CST
Output:
----------------------------------------------------------
<end of output>
Test time =   0.22 sec
----------------------------------------------------------
Test Passed.
"t_wrapping_ints_roundtrip" end time: Feb 16 10:32 CST
"t_wrapping_ints_roundtrip" time elapsed: 00:00:00
----------------------------------------------------------

5/169 Testing: t_recv_connect
5/169 Test: t_recv_connect
Command: "/home/LJR/network/CS144-Network/build/tests/recv_connect"
Directory: /home/LJR/network/CS144-Network/build
"t_recv_connect" start time: Feb 16 10:32 CST
Output:
----------------------------------------------------------
<end of output>
Test time =   0.01 sec
----------------------------------------------------------
Test Passed.
"t_recv_connect" end time: Feb 16 10:32 CST
"t_recv_connect" time elapsed: 00:00:00
----------------------------------------------------------

6/169 Testing: t_recv_transmit
6/169 Test: t_recv_transmit
Command: "/home/LJR/network/CS144-Network/build/tests/recv_transmit"
Directory: /home/LJR/network/CS144-Network/build
"t_recv_transmit" start time: Feb 16 10:32 CST
Output:
----------------------------------------------------------
<end of output>
Test time =   0.08 sec
----------------------------------------------------------
Test Passed.
"t_recv_transmit" end time: Feb 16 10:32 CST
"t_recv_transmit" time elapsed: 00:00:00
----------------------------------------------------------

7/169 Testing: t_recv_window
7/169 Test: t_recv_window
Command: "/home/LJR/network/CS144-Network/build/tests/recv_window"
Directory: /home/LJR/network/CS144-Network/build
"t_recv_window" start time: Feb 16 10:32 CST
Output:
----------------------------------------------------------
<end of output>
Test time =   0.01 sec
----------------------------------------------------------
Test Passed.
"t_recv_window" end time: Feb 16 10:32 CST
"t_recv_window" time elapsed: 00:00:00
----------------------------------------------------------

8/169 Testing: t_recv_reorder
8/169 Test: t_recv_reorder
Command: "/home/LJR/network/CS144-Network/build/tests/recv_reorder"
Directory: /home/LJR/network/CS144-Network/build
"t_recv_reorder" start time: Feb 16 10:32 CST
Output:
----------------------------------------------------------
<end of output>
Test time =   0.01 sec
----------------------------------------------------------
Test Passed.
"t_recv_reorder" end time: Feb 16 10:32 CST
"t_recv_reorder" time elapsed: 00:00:00
----------------------------------------------------------

9/169 Testing: t_recv_close
9/169 Test: t_recv_close
Command: "/home/LJR/network/CS144-Network/build/tests/recv_close"
Directory: /home/LJR/network/CS144-Network/build
"t_recv_close" start time: Feb 16 10:32 CST
Output:
----------------------------------------------------------
<end of output>
Test time =   0.01 sec
----------------------------------------------------------
Test Passed.
"t_recv_close" end time: Feb 16 10:32 CST
"t_recv_close" time elapsed: 00:00:00
----------------------------------------------------------

10/169 Testing: t_recv_special
10/169 Test: t_recv_special
Command: "/home/LJR/network/CS144-Network/build/tests/recv_special"
Directory: /home/LJR/network/CS144-Network/build
"t_recv_special" start time: Feb 16 10:32 CST
Output:
----------------------------------------------------------
<end of output>
Test time =   0.01 sec
----------------------------------------------------------
Test Passed.
"t_recv_special" end time: Feb 16 10:32 CST
"t_recv_special" time elapsed: 00:00:00
----------------------------------------------------------

11/169 Testing: t_send_connect
11/169 Test: t_send_connect
Command: "/home/LJR/network/CS144-Network/build/tests/send_connect"
Directory: /home/LJR/network/CS144-Network/build
"t_send_connect" start time: Feb 16 10:32 CST
Output:
----------------------------------------------------------
Test Failure on expectation:
	Expectation: in state `stream started but nothing acknowledged`

Failure message:
	The TCPSender was in state `waiting for stream to begin (no SYN sent)`, but it was expected to be in state `stream started but nothing acknowledged`

List of steps that executed successfully:
	Initialized with (retx-timeout=1000) and called fill_window()

The test "SYN sent test" failed
<end of output>
Test time =   0.01 sec
----------------------------------------------------------
Test Failed.
"t_send_connect" end time: Feb 16 10:32 CST
"t_send_connect" time elapsed: 00:00:00
----------------------------------------------------------

12/169 Testing: t_send_transmit
12/169 Test: t_send_transmit
Command: "/home/LJR/network/CS144-Network/build/tests/send_transmit"
Directory: /home/LJR/network/CS144-Network/build
"t_send_transmit" start time: Feb 16 10:32 CST
Output:
----------------------------------------------------------
Test Failure on expectation:
	Expectation: segment sent with (A=0,R=0,S=1,F=0,seqno=1497660521,payload_size=0,...)

Failure message:
	The Sender should have produced a segment that existed, but it did not

List of steps that executed successfully:
	Initialized with (retx-timeout=1000) and called fill_window()

The test "Three short writes" failed
<end of output>
Test time =   0.01 sec
----------------------------------------------------------
Test Failed.
"t_send_transmit" end time: Feb 16 10:32 CST
"t_send_transmit" time elapsed: 00:00:00
----------------------------------------------------------

13/169 Testing: t_send_retx
13/169 Test: t_send_retx
Command: "/home/LJR/network/CS144-Network/build/tests/send_retx"
Directory: /home/LJR/network/CS144-Network/build
"t_send_retx" start time: Feb 16 10:32 CST
Output:
----------------------------------------------------------
Test Failure on expectation:
	Expectation: segment sent with (A=0,R=0,S=1,F=0,seqno=2889153179,payload_size=0,...)

Failure message:
	The Sender should have produced a segment that existed, but it did not

List of steps that executed successfully:
	Initialized with (retx-timeout=4173) and called fill_window()

The test "Retx SYN twice at the right times, then ack" failed
<end of output>
Test time =   0.01 sec
----------------------------------------------------------
Test Failed.
"t_send_retx" end time: Feb 16 10:32 CST
"t_send_retx" time elapsed: 00:00:00
----------------------------------------------------------

14/169 Testing: t_send_window
14/169 Test: t_send_window
Command: "/home/LJR/network/CS144-Network/build/tests/send_window"
Directory: /home/LJR/network/CS144-Network/build
"t_send_window" start time: Feb 16 10:32 CST
Output:
----------------------------------------------------------
Test Failure on expectation:
	Expectation: segment sent with (A=0,R=0,S=1,F=0,seqno=575231748,payload_size=0,...)

Failure message:
	The Sender should have produced a segment that existed, but it did not

List of steps that executed successfully:
	Initialized with (retx-timeout=1000) and called fill_window()

The test "Initial receiver advertised window is respected" failed
<end of output>
Test time =   0.01 sec
----------------------------------------------------------
Test Failed.
"t_send_window" end time: Feb 16 10:32 CST
"t_send_window" time elapsed: 00:00:00
----------------------------------------------------------

15/169 Testing: t_send_ack
15/169 Test: t_send_ack
Command: "/home/LJR/network/CS144-Network/build/tests/send_ack"
Directory: /home/LJR/network/CS144-Network/build
"t_send_ack" start time: Feb 16 10:32 CST
Output:
----------------------------------------------------------
Test Failure on expectation:
	Expectation: segment sent with (A=0,R=0,S=1,F=0,seqno=3266029899,payload_size=0,...)

Failure message:
	The Sender should have produced a segment that existed, but it did not

List of steps that executed successfully:
	Initialized with (retx-timeout=1000) and called fill_window()

The test "Repeat ACK is ignored" failed
<end of output>
Test time =   0.01 sec
----------------------------------------------------------
Test Failed.
"t_send_ack" end time: Feb 16 10:32 CST
"t_send_ack" time elapsed: 00:00:00
----------------------------------------------------------

16/169 Testing: t_send_close
16/169 Test: t_send_close
Command: "/home/LJR/network/CS144-Network/build/tests/send_close"
Directory: /home/LJR/network/CS144-Network/build
"t_send_close" start time: Feb 16 10:32 CST
Output:
----------------------------------------------------------
Test Failure on expectation:
	Expectation: segment sent with (A=0,R=0,S=1,F=0,seqno=3612775570,payload_size=0,...)

Failure message:
	The Sender should have produced a segment that existed, but it did not

List of steps that executed successfully:
	Initialized with (retx-timeout=1000) and called fill_window()

The test "FIN sent test" failed
<end of output>
Test time =   0.01 sec
----------------------------------------------------------
Test Failed.
"t_send_close" end time: Feb 16 10:32 CST
"t_send_close" time elapsed: 00:00:00
----------------------------------------------------------

17/169 Testing: t_send_extra
17/169 Test: t_send_extra
Command: "/home/LJR/network/CS144-Network/build/tests/send_extra"
Directory: /home/LJR/network/CS144-Network/build
"t_send_extra" start time: Feb 16 10:32 CST
Output:
----------------------------------------------------------
Test Failure on expectation:
	Expectation: segment sent with (A=0,R=0,S=1,F=0,seqno=66264410,payload_size=0,...)

Failure message:
	The Sender should have produced a segment that existed, but it did not

List of steps that executed successfully:
	Initialized with (retx-timeout=7432) and called fill_window()

The test "If already running, timer stays running when new segment sent" failed
<end of output>
Test time =   0.01 sec
----------------------------------------------------------
Test Failed.
"t_send_extra" end time: Feb 16 10:32 CST
"t_send_extra" time elapsed: 00:00:00
----------------------------------------------------------

18/169 Testing: t_strm_reassem_single
18/169 Test: t_strm_reassem_single
Command: "/home/LJR/network/CS144-Network/build/tests/fsm_stream_reassembler_single"
Directory: /home/LJR/network/CS144-Network/build
"t_strm_reassem_single" start time: Feb 16 10:32 CST
Output:
----------------------------------------------------------
<end of output>
Test time =   0.01 sec
----------------------------------------------------------
Test Passed.
"t_strm_reassem_single" end time: Feb 16 10:32 CST
"t_strm_reassem_single" time elapsed: 00:00:00
----------------------------------------------------------

19/169 Testing: t_strm_reassem_seq
19/169 Test: t_strm_reassem_seq
Command: "/home/LJR/network/CS144-Network/build/tests/fsm_stream_reassembler_seq"
Directory: /home/LJR/network/CS144-Network/build
"t_strm_reassem_seq" start time: Feb 16 10:32 CST
Output:
----------------------------------------------------------
<end of output>
Test time =   0.01 sec
----------------------------------------------------------
Test Passed.
"t_strm_reassem_seq" end time: Feb 16 10:32 CST
"t_strm_reassem_seq" time elapsed: 00:00:00
----------------------------------------------------------

20/169 Testing: t_strm_reassem_dup
20/169 Test: t_strm_reassem_dup
Command: "/home/LJR/network/CS144-Network/build/tests/fsm_stream_reassembler_dup"
Directory: /home/LJR/network/CS144-Network/build
"t_strm_reassem_dup" start time: Feb 16 10:32 CST
Output:
----------------------------------------------------------
<end of output>
Test time =   0.01 sec
----------------------------------------------------------
Test Passed.
"t_strm_reassem_dup" end time: Feb 16 10:32 CST
"t_strm_reassem_dup" time elapsed: 00:00:00
----------------------------------------------------------

21/169 Testing: t_strm_reassem_holes
21/169 Test: t_strm_reassem_holes
Command: "/home/LJR/network/CS144-Network/build/tests/fsm_stream_reassembler_holes"
Directory: /home/LJR/network/CS144-Network/build
"t_strm_reassem_holes" start time: Feb 16 10:32 CST
Output:
----------------------------------------------------------
<end of output>
Test time =   0.00 sec
----------------------------------------------------------
Test Passed.
"t_strm_reassem_holes" end time: Feb 16 10:32 CST
"t_strm_reassem_holes" time elapsed: 00:00:00
----------------------------------------------------------

22/169 Testing: t_strm_reassem_many
22/169 Test: t_strm_reassem_many
Command: "/home/LJR/network/CS144-Network/build/tests/fsm_stream_reassembler_many"
Directory: /home/LJR/network/CS144-Network/build
"t_strm_reassem_many" start time: Feb 16 10:32 CST
Output:
----------------------------------------------------------
<end of output>
Test time =   0.12 sec
----------------------------------------------------------
Test Passed.
"t_strm_reassem_many" end time: Feb 16 10:32 CST
"t_strm_reassem_many" time elapsed: 00:00:00
----------------------------------------------------------

23/169 Testing: t_strm_reassem_overlapping
23/169 Test: t_strm_reassem_overlapping
Command: "/home/LJR/network/CS144-Network/build/tests/fsm_stream_reassembler_overlapping"
Directory: /home/LJR/network/CS144-Network/build
"t_strm_reassem_overlapping" start time: Feb 16 10:32 CST
Output:
----------------------------------------------------------
<end of output>
Test time =   0.01 sec
----------------------------------------------------------
Test Passed.
"t_strm_reassem_overlapping" end time: Feb 16 10:32 CST
"t_strm_reassem_overlapping" time elapsed: 00:00:00
----------------------------------------------------------

24/169 Testing: t_strm_reassem_win
24/169 Test: t_strm_reassem_win
Command: "/home/LJR/network/CS144-Network/build/tests/fsm_stream_reassembler_win"
Directory: /home/LJR/network/CS144-Network/build
"t_strm_reassem_win" start time: Feb 16 10:32 CST
Output:
----------------------------------------------------------
<end of output>
Test time =   0.15 sec
----------------------------------------------------------
Test Passed.
"t_strm_reassem_win" end time: Feb 16 10:32 CST
"t_strm_reassem_win" time elapsed: 00:00:00
----------------------------------------------------------

25/169 Testing: t_strm_reassem_cap
25/169 Test: t_strm_reassem_cap
Command: "/home/LJR/network/CS144-Network/build/tests/fsm_stream_reassembler_cap"
Directory: /home/LJR/network/CS144-Network/build
"t_strm_reassem_cap" start time: Feb 16 10:32 CST
Output:
----------------------------------------------------------
<end of output>
Test time =   0.14 sec
----------------------------------------------------------
Test Passed.
"t_strm_reassem_cap" end time: Feb 16 10:32 CST
"t_strm_reassem_cap" time elapsed: 00:00:00
----------------------------------------------------------

26/169 Testing: t_byte_stream_construction
26/169 Test: t_byte_stream_construction
Command: "/home/LJR/network/CS144-Network/build/tests/byte_stream_construction"
Directory: /home/LJR/network/CS144-Network/build
"t_byte_stream_construction" start time: Feb 16 10:32 CST
Output:
----------------------------------------------------------
<end of output>
Test time =   0.00 sec
----------------------------------------------------------
Test Passed.
"t_byte_stream_construction" end time: Feb 16 10:32 CST
"t_byte_stream_construction" time elapsed: 00:00:00
----------------------------------------------------------

27/169 Testing: t_byte_stream_one_write
27/169 Test: t_byte_stream_one_write
Command: "/home/LJR/network/CS144-Network/build/tests/byte_stream_one_write"
Directory: /home/LJR/network/CS144-Network/build
"t_byte_stream_one_write" start time: Feb 16 10:32 CST
Output:
----------------------------------------------------------
<end of output>
Test time =   0.01 sec
----------------------------------------------------------
Test Passed.
"t_byte_stream_one_write" end time: Feb 16 10:32 CST
"t_byte_stream_one_write" time elapsed: 00:00:00
----------------------------------------------------------

28/169 Testing: t_byte_stream_two_writes
28/169 Test: t_byte_stream_two_writes
Command: "/home/LJR/network/CS144-Network/build/tests/byte_stream_two_writes"
Directory: /home/LJR/network/CS144-Network/build
"t_byte_stream_two_writes" start time: Feb 16 10:32 CST
Output:
----------------------------------------------------------
<end of output>
Test time =   0.00 sec
----------------------------------------------------------
Test Passed.
"t_byte_stream_two_writes" end time: Feb 16 10:32 CST
"t_byte_stream_two_writes" time elapsed: 00:00:00
----------------------------------------------------------

29/169 Testing: t_byte_stream_capacity
29/169 Test: t_byte_stream_capacity
Command: "/home/LJR/network/CS144-Network/build/tests/byte_stream_capacity"
Directory: /home/LJR/network/CS144-Network/build
"t_byte_stream_capacity" start time: Feb 16 10:32 CST
Output:
----------------------------------------------------------
<end of output>
Test time =   0.65 sec
----------------------------------------------------------
Test Passed.
"t_byte_stream_capacity" end time: Feb 16 10:32 CST
"t_byte_stream_capacity" time elapsed: 00:00:00
----------------------------------------------------------

30/169 Testing: t_byte_stream_many_writes
30/169 Test: t_byte_stream_many_writes
Command: "/home/LJR/network/CS144-Network/build/tests/byte_stream_many_writes"
Directory: /home/LJR/network/CS144-Network/build
"t_byte_stream_many_writes" start time: Feb 16 10:32 CST
Output:
----------------------------------------------------------
<end of output>
Test time =   0.02 sec
----------------------------------------------------------
Test Passed.
"t_byte_stream_many_writes" end time: Feb 16 10:32 CST
"t_byte_stream_many_writes" time elapsed: 00:00:00
----------------------------------------------------------

53/169 Testing: t_address_dt
53/169 Test: t_address_dt
Command: "/home/LJR/network/CS144-Network/build/doctests/address_dt"
Directory: /home/LJR/network/CS144-Network/build
"t_address_dt" start time: Feb 16 10:32 CST
Output:
----------------------------------------------------------
<end of output>
Test time =   0.02 sec
----------------------------------------------------------
Test Passed.
"t_address_dt" end time: Feb 16 10:32 CST
"t_address_dt" time elapsed: 00:00:00
----------------------------------------------------------

54/169 Testing: t_parser_dt
54/169 Test: t_parser_dt
Command: "/home/LJR/network/CS144-Network/build/doctests/parser_dt"
Directory: /home/LJR/network/CS144-Network/build
"t_parser_dt" start time: Feb 16 10:32 CST
Output:
----------------------------------------------------------
<end of output>
Test time =   0.00 sec
----------------------------------------------------------
Test Passed.
"t_parser_dt" end time: Feb 16 10:32 CST
"t_parser_dt" time elapsed: 00:00:00
----------------------------------------------------------

55/169 Testing: t_socket_dt
55/169 Test: t_socket_dt
Command: "/home/LJR/network/CS144-Network/build/doctests/socket_dt"
Directory: /home/LJR/network/CS144-Network/build
"t_socket_dt" start time: Feb 16 10:32 CST
Output:
----------------------------------------------------------
<end of output>
Test time =   0.01 sec
----------------------------------------------------------
Test Passed.
"t_socket_dt" end time: Feb 16 10:32 CST
"t_socket_dt" time elapsed: 00:00:00
----------------------------------------------------------

End testing: Feb 16 10:32 CST
