Start testing: Feb 23 19:41 CST
----------------------------------------------------------
26/169 Testing: t_byte_stream_construction
26/169 Test: t_byte_stream_construction
Command: "/home/network/CS144-Network/build/tests/byte_stream_construction"
Directory: /home/network/CS144-Network/build
"t_byte_stream_construction" start time: Feb 23 19:41 CST
Output:
----------------------------------------------------------
<end of output>
Test time =   0.00 sec
----------------------------------------------------------
Test Passed.
"t_byte_stream_construction" end time: Feb 23 19:41 CST
"t_byte_stream_construction" time elapsed: 00:00:00
----------------------------------------------------------

27/169 Testing: t_byte_stream_one_write
27/169 Test: t_byte_stream_one_write
Command: "/home/network/CS144-Network/build/tests/byte_stream_one_write"
Directory: /home/network/CS144-Network/build
"t_byte_stream_one_write" start time: Feb 23 19:41 CST
Output:
----------------------------------------------------------
<end of output>
Test time =   0.01 sec
----------------------------------------------------------
Test Passed.
"t_byte_stream_one_write" end time: Feb 23 19:41 CST
"t_byte_stream_one_write" time elapsed: 00:00:00
----------------------------------------------------------

28/169 Testing: t_byte_stream_two_writes
28/169 Test: t_byte_stream_two_writes
Command: "/home/network/CS144-Network/build/tests/byte_stream_two_writes"
Directory: /home/network/CS144-Network/build
"t_byte_stream_two_writes" start time: Feb 23 19:41 CST
Output:
----------------------------------------------------------
<end of output>
Test time =   0.00 sec
----------------------------------------------------------
Test Passed.
"t_byte_stream_two_writes" end time: Feb 23 19:41 CST
"t_byte_stream_two_writes" time elapsed: 00:00:00
----------------------------------------------------------

29/169 Testing: t_byte_stream_capacity
29/169 Test: t_byte_stream_capacity
Command: "/home/network/CS144-Network/build/tests/byte_stream_capacity"
Directory: /home/network/CS144-Network/build
"t_byte_stream_capacity" start time: Feb 23 19:41 CST
Output:
----------------------------------------------------------
<end of output>
Test time =   0.53 sec
----------------------------------------------------------
Test Passed.
"t_byte_stream_capacity" end time: Feb 23 19:41 CST
"t_byte_stream_capacity" time elapsed: 00:00:00
----------------------------------------------------------

30/169 Testing: t_byte_stream_many_writes
30/169 Test: t_byte_stream_many_writes
Command: "/home/network/CS144-Network/build/tests/byte_stream_many_writes"
Directory: /home/network/CS144-Network/build
"t_byte_stream_many_writes" start time: Feb 23 19:41 CST
Output:
----------------------------------------------------------
<end of output>
Test time =   0.01 sec
----------------------------------------------------------
Test Passed.
"t_byte_stream_many_writes" end time: Feb 23 19:41 CST
"t_byte_stream_many_writes" time elapsed: 00:00:00
----------------------------------------------------------

31/169 Testing: t_webget
31/169 Test: t_webget
Command: "/home/network/CS144-Network/tests/webget_t.sh"
Directory: /home/network/CS144-Network/build
"t_webget" start time: Feb 23 19:41 CST
Output:
----------------------------------------------------------
HTTP/1.1 200 OK
Content-type: text/plain

7SmXqWkrLKzVBCEalbSPqBcvs11Pw263K7x4Wv3JckI
<end of output>
Test time =   2.01 sec
----------------------------------------------------------
Test Passed.
"t_webget" end time: Feb 23 19:41 CST
"t_webget" time elapsed: 00:00:02
----------------------------------------------------------

53/169 Testing: t_address_dt
53/169 Test: t_address_dt
Command: "/home/network/CS144-Network/build/doctests/address_dt"
Directory: /home/network/CS144-Network/build
"t_address_dt" start time: Feb 23 19:41 CST
Output:
----------------------------------------------------------
<end of output>
Test time =   0.01 sec
----------------------------------------------------------
Test Passed.
"t_address_dt" end time: Feb 23 19:41 CST
"t_address_dt" time elapsed: 00:00:00
----------------------------------------------------------

54/169 Testing: t_parser_dt
54/169 Test: t_parser_dt
Command: "/home/network/CS144-Network/build/doctests/parser_dt"
Directory: /home/network/CS144-Network/build
"t_parser_dt" start time: Feb 23 19:41 CST
Output:
----------------------------------------------------------
<end of output>
Test time =   0.00 sec
----------------------------------------------------------
Test Passed.
"t_parser_dt" end time: Feb 23 19:41 CST
"t_parser_dt" time elapsed: 00:00:00
----------------------------------------------------------

55/169 Testing: t_socket_dt
55/169 Test: t_socket_dt
Command: "/home/network/CS144-Network/build/doctests/socket_dt"
Directory: /home/network/CS144-Network/build
"t_socket_dt" start time: Feb 23 19:41 CST
Output:
----------------------------------------------------------
<end of output>
Test time =   0.01 sec
----------------------------------------------------------
Test Passed.
"t_socket_dt" end time: Feb 23 19:41 CST
"t_socket_dt" time elapsed: 00:00:00
----------------------------------------------------------

End testing: Feb 23 19:41 CST
