Start testing: Jun 23 18:00 CST
----------------------------------------------------------
1/169 Testing: t_wrapping_ints_cmp
1/169 Test: t_wrapping_ints_cmp
Command: "/mnt/d/Study/labs/CS144-Network/build/tests/wrapping_integers_cmp"
Directory: /mnt/d/Study/labs/CS144-Network/build
"t_wrapping_ints_cmp" start time: Jun 23 18:00 CST
Output:
----------------------------------------------------------
<end of output>
Test time =   0.08 sec
----------------------------------------------------------
Test Passed.
"t_wrapping_ints_cmp" end time: Jun 23 18:00 CST
"t_wrapping_ints_cmp" time elapsed: 00:00:00
----------------------------------------------------------

2/169 Testing: t_wrapping_ints_unwrap
2/169 Test: t_wrapping_ints_unwrap
Command: "/mnt/d/Study/labs/CS144-Network/build/tests/wrapping_integers_unwrap"
Directory: /mnt/d/Study/labs/CS144-Network/build
"t_wrapping_ints_unwrap" start time: Jun 23 18:00 CST
Output:
----------------------------------------------------------
<end of output>
Test time =   0.10 sec
----------------------------------------------------------
Test Passed.
"t_wrapping_ints_unwrap" end time: Jun 23 18:00 CST
"t_wrapping_ints_unwrap" time elapsed: 00:00:00
----------------------------------------------------------

3/169 Testing: t_wrapping_ints_wrap
3/169 Test: t_wrapping_ints_wrap
Command: "/mnt/d/Study/labs/CS144-Network/build/tests/wrapping_integers_wrap"
Directory: /mnt/d/Study/labs/CS144-Network/build
"t_wrapping_ints_wrap" start time: Jun 23 18:00 CST
Output:
----------------------------------------------------------
<end of output>
Test time =   0.14 sec
----------------------------------------------------------
Test Passed.
"t_wrapping_ints_wrap" end time: Jun 23 18:00 CST
"t_wrapping_ints_wrap" time elapsed: 00:00:00
----------------------------------------------------------

4/169 Testing: t_wrapping_ints_roundtrip
4/169 Test: t_wrapping_ints_roundtrip
Command: "/mnt/d/Study/labs/CS144-Network/build/tests/wrapping_integers_roundtrip"
Directory: /mnt/d/Study/labs/CS144-Network/build
"t_wrapping_ints_roundtrip" start time: Jun 23 18:00 CST
Output:
----------------------------------------------------------
<end of output>
Test time =   0.95 sec
----------------------------------------------------------
Test Passed.
"t_wrapping_ints_roundtrip" end time: Jun 23 18:00 CST
"t_wrapping_ints_roundtrip" time elapsed: 00:00:00
----------------------------------------------------------

5/169 Testing: t_recv_connect
5/169 Test: t_recv_connect
Command: "/mnt/d/Study/labs/CS144-Network/build/tests/recv_connect"
Directory: /mnt/d/Study/labs/CS144-Network/build
"t_recv_connect" start time: Jun 23 18:00 CST
Output:
----------------------------------------------------------
<end of output>
Test time =   0.09 sec
----------------------------------------------------------
Test Passed.
"t_recv_connect" end time: Jun 23 18:00 CST
"t_recv_connect" time elapsed: 00:00:00
----------------------------------------------------------

6/169 Testing: t_recv_transmit
6/169 Test: t_recv_transmit
Command: "/mnt/d/Study/labs/CS144-Network/build/tests/recv_transmit"
Directory: /mnt/d/Study/labs/CS144-Network/build
"t_recv_transmit" start time: Jun 23 18:00 CST
Output:
----------------------------------------------------------
<end of output>
Test time =   0.26 sec
----------------------------------------------------------
Test Passed.
"t_recv_transmit" end time: Jun 23 18:00 CST
"t_recv_transmit" time elapsed: 00:00:00
----------------------------------------------------------

7/169 Testing: t_recv_window
7/169 Test: t_recv_window
Command: "/mnt/d/Study/labs/CS144-Network/build/tests/recv_window"
Directory: /mnt/d/Study/labs/CS144-Network/build
"t_recv_window" start time: Jun 23 18:00 CST
Output:
----------------------------------------------------------
<end of output>
Test time =   0.08 sec
----------------------------------------------------------
Test Passed.
"t_recv_window" end time: Jun 23 18:00 CST
"t_recv_window" time elapsed: 00:00:00
----------------------------------------------------------

8/169 Testing: t_recv_reorder
8/169 Test: t_recv_reorder
Command: "/mnt/d/Study/labs/CS144-Network/build/tests/recv_reorder"
Directory: /mnt/d/Study/labs/CS144-Network/build
"t_recv_reorder" start time: Jun 23 18:00 CST
Output:
----------------------------------------------------------
<end of output>
Test time =   0.08 sec
----------------------------------------------------------
Test Passed.
"t_recv_reorder" end time: Jun 23 18:00 CST
"t_recv_reorder" time elapsed: 00:00:00
----------------------------------------------------------

9/169 Testing: t_recv_close
9/169 Test: t_recv_close
Command: "/mnt/d/Study/labs/CS144-Network/build/tests/recv_close"
Directory: /mnt/d/Study/labs/CS144-Network/build
"t_recv_close" start time: Jun 23 18:00 CST
Output:
----------------------------------------------------------
<end of output>
Test time =   0.08 sec
----------------------------------------------------------
Test Passed.
"t_recv_close" end time: Jun 23 18:00 CST
"t_recv_close" time elapsed: 00:00:00
----------------------------------------------------------

10/169 Testing: t_recv_special
10/169 Test: t_recv_special
Command: "/mnt/d/Study/labs/CS144-Network/build/tests/recv_special"
Directory: /mnt/d/Study/labs/CS144-Network/build
"t_recv_special" start time: Jun 23 18:00 CST
Output:
----------------------------------------------------------
<end of output>
Test time =   0.09 sec
----------------------------------------------------------
Test Passed.
"t_recv_special" end time: Jun 23 18:00 CST
"t_recv_special" time elapsed: 00:00:00
----------------------------------------------------------

11/169 Testing: t_send_connect
11/169 Test: t_send_connect
Command: "/mnt/d/Study/labs/CS144-Network/build/tests/send_connect"
Directory: /mnt/d/Study/labs/CS144-Network/build
"t_send_connect" start time: Jun 23 18:00 CST
Output:
----------------------------------------------------------
<end of output>
Test time =   0.08 sec
----------------------------------------------------------
Test Passed.
"t_send_connect" end time: Jun 23 18:00 CST
"t_send_connect" time elapsed: 00:00:00
----------------------------------------------------------

12/169 Testing: t_send_transmit
12/169 Test: t_send_transmit
Command: "/mnt/d/Study/labs/CS144-Network/build/tests/send_transmit"
Directory: /mnt/d/Study/labs/CS144-Network/build
"t_send_transmit" start time: Jun 23 18:00 CST
Output:
----------------------------------------------------------
<end of output>
Test time =   0.24 sec
----------------------------------------------------------
Test Passed.
"t_send_transmit" end time: Jun 23 18:00 CST
"t_send_transmit" time elapsed: 00:00:00
----------------------------------------------------------

13/169 Testing: t_send_retx
13/169 Test: t_send_retx
Command: "/mnt/d/Study/labs/CS144-Network/build/tests/send_retx"
Directory: /mnt/d/Study/labs/CS144-Network/build
"t_send_retx" start time: Jun 23 18:00 CST
Output:
----------------------------------------------------------
<end of output>
Test time =   0.09 sec
----------------------------------------------------------
Test Passed.
"t_send_retx" end time: Jun 23 18:00 CST
"t_send_retx" time elapsed: 00:00:00
----------------------------------------------------------

14/169 Testing: t_send_window
14/169 Test: t_send_window
Command: "/mnt/d/Study/labs/CS144-Network/build/tests/send_window"
Directory: /mnt/d/Study/labs/CS144-Network/build
"t_send_window" start time: Jun 23 18:00 CST
Output:
----------------------------------------------------------
Test Failure on expectation:
	Expectation: segment sent with (F=1,"",...)

Failure message:
	The Sender should have produced a segment that existed, but it did not

List of steps that executed successfully:
	Initialized with (retx-timeout=1000) and called fill_window()
	Expectation: segment sent with (A=0,R=0,S=1,F=0,seqno=2645279810,payload_size=0,...)
	Action:      ack 2645279811 winsize 7
	Expectation: no (more) segments
	Action:      write bytes: "1234567"
	Action:      close
	Expectation: segment sent with (A=0,R=0,S=0,F=0,"1234567",...)
	Expectation: no (more) segments
	Action:      ack 2645279818 winsize 1

The test "FIN flag occupies space in window" failed
<end of output>
Test time =   0.22 sec
----------------------------------------------------------
Test Failed.
"t_send_window" end time: Jun 23 18:00 CST
"t_send_window" time elapsed: 00:00:00
----------------------------------------------------------

15/169 Testing: t_send_ack
15/169 Test: t_send_ack
Command: "/mnt/d/Study/labs/CS144-Network/build/tests/send_ack"
Directory: /mnt/d/Study/labs/CS144-Network/build
"t_send_ack" start time: Jun 23 18:00 CST
Output:
----------------------------------------------------------
Test Failure on expectation:
	Expectation: in state `stream started but nothing acknowledged`

Failure message:
	The TCPSender was in state `stream ongoing`, but it was expected to be in state `stream started but nothing acknowledged`

List of steps that executed successfully:
	Initialized with (retx-timeout=1000) and called fill_window()
	Expectation: in state `stream started but nothing acknowledged`
	Expectation: segment sent with (A=0,R=0,S=1,F=0,seqno=2414917810,payload_size=0,...)
	Action:      ack 2414917812 winsize 1000

The test "Impossible ackno (beyond next seqno) is ignored" failed
<end of output>
Test time =   0.09 sec
----------------------------------------------------------
Test Failed.
"t_send_ack" end time: Jun 23 18:00 CST
"t_send_ack" time elapsed: 00:00:00
----------------------------------------------------------

16/169 Testing: t_send_close
16/169 Test: t_send_close
Command: "/mnt/d/Study/labs/CS144-Network/build/tests/send_close"
Directory: /mnt/d/Study/labs/CS144-Network/build
"t_send_close" start time: Jun 23 18:00 CST
Output:
----------------------------------------------------------
Test Failure on expectation:
	Expectation: in state `stream finished (FIN sent) but not fully acknowledged`

Failure message:
	The TCPSender was in state `stream ongoing`, but it was expected to be in state `stream finished (FIN sent) but not fully acknowledged`

List of steps that executed successfully:
	Initialized with (retx-timeout=1000) and called fill_window()
	Expectation: segment sent with (A=0,R=0,S=1,F=0,seqno=3192265097,payload_size=0,...)
	Action:      ack 3192265098 winsize 137
	Expectation: in state `stream ongoing`
	Action:      close

The test "FIN sent test" failed
<end of output>
Test time =   0.11 sec
----------------------------------------------------------
Test Failed.
"t_send_close" end time: Jun 23 18:00 CST
"t_send_close" time elapsed: 00:00:00
----------------------------------------------------------

17/169 Testing: t_send_extra
17/169 Test: t_send_extra
Command: "/mnt/d/Study/labs/CS144-Network/build/tests/send_extra"
Directory: /mnt/d/Study/labs/CS144-Network/build
"t_send_extra" start time: Jun 23 18:00 CST
Output:
----------------------------------------------------------
Test Failure on expectation:
	Expectation: no (more) segments

Failure message:
	The TCPSender sent a segment, but should not have. Segment info:
	Header(flags=,seqno=1298685271,ack=0,win=0) with 3 bytes

List of steps that executed successfully:
	Initialized with (retx-timeout=7399) and called fill_window()
	Expectation: segment sent with (A=0,R=0,S=1,F=0,seqno=1298685267,payload_size=0,...)
	Action:      ack 1298685268 winsize 1000
	Expectation: in state `stream ongoing`
	Action:      write bytes: "abc"
	Expectation: segment sent with (seqno=1298685268,payload_size=3,"abc",...)
	Action:      7394 ms pass
	Expectation: no (more) segments
	Action:      write bytes: "def"
	Expectation: segment sent with (payload_size=3,"def",...)
	Action:      6 ms pass
	Expectation: segment sent with (seqno=1298685268,payload_size=3,"abc",...)

The test "If already running, timer stays running when new segment sent" failed
<end of output>
Test time =   0.09 sec
----------------------------------------------------------
Test Failed.
"t_send_extra" end time: Jun 23 18:00 CST
"t_send_extra" time elapsed: 00:00:00
----------------------------------------------------------

18/169 Testing: t_strm_reassem_single
18/169 Test: t_strm_reassem_single
Command: "/mnt/d/Study/labs/CS144-Network/build/tests/fsm_stream_reassembler_single"
Directory: /mnt/d/Study/labs/CS144-Network/build
"t_strm_reassem_single" start time: Jun 23 18:00 CST
Output:
----------------------------------------------------------
<end of output>
Test time =   0.07 sec
----------------------------------------------------------
Test Passed.
"t_strm_reassem_single" end time: Jun 23 18:00 CST
"t_strm_reassem_single" time elapsed: 00:00:00
----------------------------------------------------------

19/169 Testing: t_strm_reassem_seq
19/169 Test: t_strm_reassem_seq
Command: "/mnt/d/Study/labs/CS144-Network/build/tests/fsm_stream_reassembler_seq"
Directory: /mnt/d/Study/labs/CS144-Network/build
"t_strm_reassem_seq" start time: Jun 23 18:00 CST
Output:
----------------------------------------------------------
<end of output>
Test time =   0.07 sec
----------------------------------------------------------
Test Passed.
"t_strm_reassem_seq" end time: Jun 23 18:00 CST
"t_strm_reassem_seq" time elapsed: 00:00:00
----------------------------------------------------------

20/169 Testing: t_strm_reassem_dup
20/169 Test: t_strm_reassem_dup
Command: "/mnt/d/Study/labs/CS144-Network/build/tests/fsm_stream_reassembler_dup"
Directory: /mnt/d/Study/labs/CS144-Network/build
"t_strm_reassem_dup" start time: Jun 23 18:00 CST
Output:
----------------------------------------------------------
<end of output>
Test time =   0.08 sec
----------------------------------------------------------
Test Passed.
"t_strm_reassem_dup" end time: Jun 23 18:00 CST
"t_strm_reassem_dup" time elapsed: 00:00:00
----------------------------------------------------------

21/169 Testing: t_strm_reassem_holes
21/169 Test: t_strm_reassem_holes
Command: "/mnt/d/Study/labs/CS144-Network/build/tests/fsm_stream_reassembler_holes"
Directory: /mnt/d/Study/labs/CS144-Network/build
"t_strm_reassem_holes" start time: Jun 23 18:00 CST
Output:
----------------------------------------------------------
<end of output>
Test time =   0.09 sec
----------------------------------------------------------
Test Passed.
"t_strm_reassem_holes" end time: Jun 23 18:00 CST
"t_strm_reassem_holes" time elapsed: 00:00:00
----------------------------------------------------------

22/169 Testing: t_strm_reassem_many
22/169 Test: t_strm_reassem_many
Command: "/mnt/d/Study/labs/CS144-Network/build/tests/fsm_stream_reassembler_many"
Directory: /mnt/d/Study/labs/CS144-Network/build
"t_strm_reassem_many" start time: Jun 23 18:00 CST
Output:
----------------------------------------------------------
<end of output>
Test time =   1.24 sec
----------------------------------------------------------
Test Passed.
"t_strm_reassem_many" end time: Jun 23 18:00 CST
"t_strm_reassem_many" time elapsed: 00:00:01
----------------------------------------------------------

23/169 Testing: t_strm_reassem_overlapping
23/169 Test: t_strm_reassem_overlapping
Command: "/mnt/d/Study/labs/CS144-Network/build/tests/fsm_stream_reassembler_overlapping"
Directory: /mnt/d/Study/labs/CS144-Network/build
"t_strm_reassem_overlapping" start time: Jun 23 18:00 CST
Output:
----------------------------------------------------------
<end of output>
Test time =   0.07 sec
----------------------------------------------------------
Test Passed.
"t_strm_reassem_overlapping" end time: Jun 23 18:00 CST
"t_strm_reassem_overlapping" time elapsed: 00:00:00
----------------------------------------------------------

24/169 Testing: t_strm_reassem_win
24/169 Test: t_strm_reassem_win
Command: "/mnt/d/Study/labs/CS144-Network/build/tests/fsm_stream_reassembler_win"
Directory: /mnt/d/Study/labs/CS144-Network/build
"t_strm_reassem_win" start time: Jun 23 18:00 CST
Output:
----------------------------------------------------------
<end of output>
Test time =   1.54 sec
----------------------------------------------------------
Test Passed.
"t_strm_reassem_win" end time: Jun 23 18:00 CST
"t_strm_reassem_win" time elapsed: 00:00:01
----------------------------------------------------------

25/169 Testing: t_strm_reassem_cap
25/169 Test: t_strm_reassem_cap
Command: "/mnt/d/Study/labs/CS144-Network/build/tests/fsm_stream_reassembler_cap"
Directory: /mnt/d/Study/labs/CS144-Network/build
"t_strm_reassem_cap" start time: Jun 23 18:00 CST
Output:
----------------------------------------------------------
<end of output>
Test time =   0.34 sec
----------------------------------------------------------
Test Passed.
"t_strm_reassem_cap" end time: Jun 23 18:00 CST
"t_strm_reassem_cap" time elapsed: 00:00:00
----------------------------------------------------------

26/169 Testing: t_byte_stream_construction
26/169 Test: t_byte_stream_construction
Command: "/mnt/d/Study/labs/CS144-Network/build/tests/byte_stream_construction"
Directory: /mnt/d/Study/labs/CS144-Network/build
"t_byte_stream_construction" start time: Jun 23 18:00 CST
Output:
----------------------------------------------------------
<end of output>
Test time =   0.10 sec
----------------------------------------------------------
Test Passed.
"t_byte_stream_construction" end time: Jun 23 18:00 CST
"t_byte_stream_construction" time elapsed: 00:00:00
----------------------------------------------------------

27/169 Testing: t_byte_stream_one_write
27/169 Test: t_byte_stream_one_write
Command: "/mnt/d/Study/labs/CS144-Network/build/tests/byte_stream_one_write"
Directory: /mnt/d/Study/labs/CS144-Network/build
"t_byte_stream_one_write" start time: Jun 23 18:00 CST
Output:
----------------------------------------------------------
<end of output>
Test time =   0.07 sec
----------------------------------------------------------
Test Passed.
"t_byte_stream_one_write" end time: Jun 23 18:00 CST
"t_byte_stream_one_write" time elapsed: 00:00:00
----------------------------------------------------------

28/169 Testing: t_byte_stream_two_writes
28/169 Test: t_byte_stream_two_writes
Command: "/mnt/d/Study/labs/CS144-Network/build/tests/byte_stream_two_writes"
Directory: /mnt/d/Study/labs/CS144-Network/build
"t_byte_stream_two_writes" start time: Jun 23 18:00 CST
Output:
----------------------------------------------------------
<end of output>
Test time =   0.08 sec
----------------------------------------------------------
Test Passed.
"t_byte_stream_two_writes" end time: Jun 23 18:00 CST
"t_byte_stream_two_writes" time elapsed: 00:00:00
----------------------------------------------------------

29/169 Testing: t_byte_stream_capacity
29/169 Test: t_byte_stream_capacity
Command: "/mnt/d/Study/labs/CS144-Network/build/tests/byte_stream_capacity"
Directory: /mnt/d/Study/labs/CS144-Network/build
"t_byte_stream_capacity" start time: Jun 23 18:00 CST
Output:
----------------------------------------------------------
<end of output>
Test time =   1.84 sec
----------------------------------------------------------
Test Passed.
"t_byte_stream_capacity" end time: Jun 23 18:00 CST
"t_byte_stream_capacity" time elapsed: 00:00:01
----------------------------------------------------------

30/169 Testing: t_byte_stream_many_writes
30/169 Test: t_byte_stream_many_writes
Command: "/mnt/d/Study/labs/CS144-Network/build/tests/byte_stream_many_writes"
Directory: /mnt/d/Study/labs/CS144-Network/build
"t_byte_stream_many_writes" start time: Jun 23 18:00 CST
Output:
----------------------------------------------------------
<end of output>
Test time =   0.09 sec
----------------------------------------------------------
Test Passed.
"t_byte_stream_many_writes" end time: Jun 23 18:00 CST
"t_byte_stream_many_writes" time elapsed: 00:00:00
----------------------------------------------------------

53/169 Testing: t_address_dt
53/169 Test: t_address_dt
Command: "/mnt/d/Study/labs/CS144-Network/build/doctests/address_dt"
Directory: /mnt/d/Study/labs/CS144-Network/build
"t_address_dt" start time: Jun 23 18:00 CST
Output:
----------------------------------------------------------
<end of output>
Test time =   0.10 sec
----------------------------------------------------------
Test Passed.
"t_address_dt" end time: Jun 23 18:00 CST
"t_address_dt" time elapsed: 00:00:00
----------------------------------------------------------

54/169 Testing: t_parser_dt
54/169 Test: t_parser_dt
Command: "/mnt/d/Study/labs/CS144-Network/build/doctests/parser_dt"
Directory: /mnt/d/Study/labs/CS144-Network/build
"t_parser_dt" start time: Jun 23 18:00 CST
Output:
----------------------------------------------------------
<end of output>
Test time =   0.07 sec
----------------------------------------------------------
Test Passed.
"t_parser_dt" end time: Jun 23 18:00 CST
"t_parser_dt" time elapsed: 00:00:00
----------------------------------------------------------

55/169 Testing: t_socket_dt
55/169 Test: t_socket_dt
Command: "/mnt/d/Study/labs/CS144-Network/build/doctests/socket_dt"
Directory: /mnt/d/Study/labs/CS144-Network/build
"t_socket_dt" start time: Jun 23 18:00 CST
Output:
----------------------------------------------------------
<end of output>
Test time =   0.08 sec
----------------------------------------------------------
Test Failed.
"t_socket_dt" end time: Jun 23 18:00 CST
"t_socket_dt" time elapsed: 00:00:00
----------------------------------------------------------

End testing: Jun 23 18:00 CST
