Start testing: Nov 23 17:13 CST
----------------------------------------------------------
26/169 Testing: t_byte_stream_construction
26/169 Test: t_byte_stream_construction
Command: "/home/shuangshu/network/sponge/build/tests/byte_stream_construction"
Directory: /home/shuangshu/network/sponge/build
"t_byte_stream_construction" start time: Nov 23 17:13 CST
Output:
----------------------------------------------------------
<end of output>
Test time =   0.07 sec
----------------------------------------------------------
Test Passed.
"t_byte_stream_construction" end time: Nov 23 17:13 CST
"t_byte_stream_construction" time elapsed: 00:00:00
----------------------------------------------------------

27/169 Testing: t_byte_stream_one_write
27/169 Test: t_byte_stream_one_write
Command: "/home/shuangshu/network/sponge/build/tests/byte_stream_one_write"
Directory: /home/shuangshu/network/sponge/build
"t_byte_stream_one_write" start time: Nov 23 17:13 CST
Output:
----------------------------------------------------------
<end of output>
Test time =   0.07 sec
----------------------------------------------------------
Test Passed.
"t_byte_stream_one_write" end time: Nov 23 17:13 CST
"t_byte_stream_one_write" time elapsed: 00:00:00
----------------------------------------------------------

28/169 Testing: t_byte_stream_two_writes
28/169 Test: t_byte_stream_two_writes
Command: "/home/shuangshu/network/sponge/build/tests/byte_stream_two_writes"
Directory: /home/shuangshu/network/sponge/build
"t_byte_stream_two_writes" start time: Nov 23 17:13 CST
Output:
----------------------------------------------------------
<end of output>
Test time =   0.07 sec
----------------------------------------------------------
Test Passed.
"t_byte_stream_two_writes" end time: Nov 23 17:13 CST
"t_byte_stream_two_writes" time elapsed: 00:00:00
----------------------------------------------------------

29/169 Testing: t_byte_stream_capacity
29/169 Test: t_byte_stream_capacity
Command: "/home/shuangshu/network/sponge/build/tests/byte_stream_capacity"
Directory: /home/shuangshu/network/sponge/build
"t_byte_stream_capacity" start time: Nov 23 17:13 CST
Output:
----------------------------------------------------------
<end of output>
Test time =   0.98 sec
----------------------------------------------------------
Test Passed.
"t_byte_stream_capacity" end time: Nov 23 17:13 CST
"t_byte_stream_capacity" time elapsed: 00:00:00
----------------------------------------------------------

30/169 Testing: t_byte_stream_many_writes
30/169 Test: t_byte_stream_many_writes
Command: "/home/shuangshu/network/sponge/build/tests/byte_stream_many_writes"
Directory: /home/shuangshu/network/sponge/build
"t_byte_stream_many_writes" start time: Nov 23 17:13 CST
Output:
----------------------------------------------------------
<end of output>
Test time =   0.08 sec
----------------------------------------------------------
Test Passed.
"t_byte_stream_many_writes" end time: Nov 23 17:13 CST
"t_byte_stream_many_writes" time elapsed: 00:00:00
----------------------------------------------------------

31/169 Testing: t_webget
31/169 Test: t_webget
Command: "/home/shuangshu/network/sponge/tests/webget_t.sh"
Directory: /home/shuangshu/network/sponge/build
"t_webget" start time: Nov 23 17:13 CST
Output:
----------------------------------------------------------
HTTP/1.1 200 OK
Content-type: text/plain

7SmXqWkrLKzVBCEalbSPqBcvs11Pw263K7x4Wv3JckI
<end of output>
Test time =   1.15 sec
----------------------------------------------------------
Test Passed.
"t_webget" end time: Nov 23 17:13 CST
"t_webget" time elapsed: 00:00:01
----------------------------------------------------------

53/169 Testing: t_address_dt
53/169 Test: t_address_dt
Command: "/home/shuangshu/network/sponge/build/doctests/address_dt"
Directory: /home/shuangshu/network/sponge/build
"t_address_dt" start time: Nov 23 17:13 CST
Output:
----------------------------------------------------------
<end of output>
Test time =   0.09 sec
----------------------------------------------------------
Test Passed.
"t_address_dt" end time: Nov 23 17:13 CST
"t_address_dt" time elapsed: 00:00:00
----------------------------------------------------------

54/169 Testing: t_parser_dt
54/169 Test: t_parser_dt
Command: "/home/shuangshu/network/sponge/build/doctests/parser_dt"
Directory: /home/shuangshu/network/sponge/build
"t_parser_dt" start time: Nov 23 17:13 CST
Output:
----------------------------------------------------------
<end of output>
Test time =   0.07 sec
----------------------------------------------------------
Test Passed.
"t_parser_dt" end time: Nov 23 17:13 CST
"t_parser_dt" time elapsed: 00:00:00
----------------------------------------------------------

55/169 Testing: t_socket_dt
55/169 Test: t_socket_dt
Command: "/home/shuangshu/network/sponge/build/doctests/socket_dt"
Directory: /home/shuangshu/network/sponge/build
"t_socket_dt" start time: Nov 23 17:13 CST
Output:
----------------------------------------------------------
<end of output>
Test time =   0.08 sec
----------------------------------------------------------
Test Failed.
"t_socket_dt" end time: Nov 23 17:13 CST
"t_socket_dt" time elapsed: 00:00:00
----------------------------------------------------------

End testing: Nov 23 17:13 CST
